<?xml version="1.0" encoding="UTF-8"?>
<!-- Generated by org.testng.reporters.JUnitXMLReporter -->
<testsuite ignored="0" hostname="PunithaLaptop" failures="0" tests="3" name="Surefire test" time="32.951" errors="0" timestamp="2024-05-22T23:46:10 CDT">
  <testcase classname="Mydemo.SelinumFramewoek.SubmitOrderTest" name="submitOrder" time="6.823"/>
  <testcase classname="Mydemo.SelinumFramewoek.SubmitOrderTest" name="submitOrder" time="4.982"/>
  <testcase classname="Mydemo.SelinumFramewoek.SubmitOrderTest" name="OrderHistoryTest" time="1.121"/>
</testsuite> <!-- Surefire test -->
