<?xml version="1.0" encoding="UTF-8"?>
<!-- Generated by org.testng.reporters.JUnitXMLReporter -->
<testsuite ignored="0" hostname="PunithaLaptop" failures="0" tests="3" name="Default test" time="26.925" errors="0" timestamp="2024-05-21T16:12:28 CDT">
  <testcase classname="Mydemo.SelinumFramewoek.SubmitOrderTest" name="submitOrder" time="4.295"/>
  <testcase classname="Mydemo.SelinumFramewoek.SubmitOrderTest" name="submitOrder" time="4.132"/>
  <testcase classname="Mydemo.SelinumFramewoek.SubmitOrderTest" name="OrderHistoryTest" time="0.996"/>
</testsuite> <!-- Default test -->
