<?xml version="1.0" encoding="UTF-8"?>
<!-- Generated by org.testng.reporters.JUnitXMLReporter -->
<testsuite ignored="0" hostname="PunithaLaptop" failures="0" tests="3" name="Test" time="29.516" errors="0" timestamp="2024-05-22T23:26:06 CDT">
  <testcase classname="Mydemo.SelinumFramewoek.SubmitOrderTest" name="submitOrder" time="5.019"/>
  <testcase classname="Mydemo.SelinumFramewoek.SubmitOrderTest" name="submitOrder" time="7.096"/>
  <testcase classname="Mydemo.SelinumFramewoek.SubmitOrderTest" name="OrderHistoryTest" time="1.186"/>
</testsuite> <!-- Test -->
