<?xml version="1.0" encoding="UTF-8"?>
<!-- Generated by org.testng.reporters.JUnitXMLReporter -->
<testsuite ignored="1" hostname="PunithaLaptop" failures="0" tests="1" name="Test1" time="9.199" errors="0" timestamp="2024-05-17T18:39:29 CDT">
  <testcase classname="Mydemo.SelinumFramewoek.ErrorValidations" name="LoginErrorValidation" time="1.364"/>
  <testcase classname="Mydemo.SelinumFramewoek.ErrorValidations" name="ProductErrorValidation" time="0.0">
    <ignored/>
  </testcase> <!-- ProductErrorValidation -->
</testsuite> <!-- Test1 -->
