<?xml version="1.0" encoding="UTF-8"?>
<!-- Generated by org.testng.reporters.JUnitXMLReporter -->
<testsuite ignored="0" hostname="PunithaLaptop" failures="0" tests="3" name="Test" time="26.528" errors="0" timestamp="2024-05-25T18:29:53 CDT">
  <testcase classname="Mydemo.SelinumFramewoek.SubmitOrderTest" name="submitOrder" time="4.15"/>
  <testcase classname="Mydemo.SelinumFramewoek.SubmitOrderTest" name="submitOrder" time="4.002"/>
  <testcase classname="Mydemo.SelinumFramewoek.SubmitOrderTest" name="OrderHistoryTest" time="0.909"/>
</testsuite> <!-- Test -->
