<?xml version="1.0" encoding="UTF-8"?>
<testng-results ignored="0" total="5" passed="5" failed="0" skipped="0">
  <reporter-output>
  </reporter-output>
  <suite started-at="2024-05-22T23:25:36 CDT" name="Suite" finished-at="2024-05-22T23:26:06 CDT" duration-ms="29516">
    <groups>
      <group name="ErrorHandling">
        <method signature="ErrorValidations.LoginErrorValidation()[pri:0, instance:Mydemo.SelinumFramewoek.ErrorValidations@6aa3a905]" name="LoginErrorValidation" class="Mydemo.SelinumFramewoek.ErrorValidations"/>
      </group> <!-- ErrorHandling -->
      <group name="Purchase">
        <method signature="SubmitOrderTest.submitOrder(java.util.HashMap)[pri:0, instance:Mydemo.SelinumFramewoek.SubmitOrderTest@40db2a24]" name="submitOrder" class="Mydemo.SelinumFramewoek.SubmitOrderTest"/>
      </group> <!-- Purchase -->
    </groups>
    <test started-at="2024-05-22T23:25:36 CDT" name="ErrorTest" finished-at="2024-05-22T23:25:53 CDT" duration-ms="17003">
      <class name="Mydemo.SelinumFramewoek.ErrorValidations">
        <test-method is-config="true" signature="launchApplication()[pri:0, instance:Mydemo.SelinumFramewoek.ErrorValidations@6aa3a905]" started-at="2024-05-22T23:25:36 CDT" name="launchApplication" finished-at="2024-05-22T23:25:39 CDT" duration-ms="2886" status="PASS">
          <reporter-output>
          </reporter-output>
        </test-method> <!-- launchApplication -->
        <test-method signature="LoginErrorValidation()[pri:0, instance:Mydemo.SelinumFramewoek.ErrorValidations@6aa3a905]" started-at="2024-05-22T23:25:39 CDT" name="LoginErrorValidation" finished-at="2024-05-22T23:25:43 CDT" duration-ms="4164" status="PASS">
          <reporter-output>
          </reporter-output>
        </test-method> <!-- LoginErrorValidation -->
        <test-method is-config="true" signature="tearDown()[pri:0, instance:Mydemo.SelinumFramewoek.ErrorValidations@6aa3a905]" started-at="2024-05-22T23:25:43 CDT" name="tearDown" finished-at="2024-05-22T23:25:44 CDT" duration-ms="943" status="PASS">
          <reporter-output>
          </reporter-output>
        </test-method> <!-- tearDown -->
        <test-method is-config="true" signature="launchApplication()[pri:0, instance:Mydemo.SelinumFramewoek.ErrorValidations@6aa3a905]" started-at="2024-05-22T23:25:44 CDT" name="launchApplication" finished-at="2024-05-22T23:25:49 CDT" duration-ms="4810" status="PASS">
          <reporter-output>
          </reporter-output>
        </test-method> <!-- launchApplication -->
        <test-method signature="ProductErrorValidation()[pri:0, instance:Mydemo.SelinumFramewoek.ErrorValidations@6aa3a905]" started-at="2024-05-22T23:25:49 CDT" name="ProductErrorValidation" finished-at="2024-05-22T23:25:52 CDT" duration-ms="3257" status="PASS">
          <reporter-output>
          </reporter-output>
        </test-method> <!-- ProductErrorValidation -->
        <test-method is-config="true" signature="tearDown()[pri:0, instance:Mydemo.SelinumFramewoek.ErrorValidations@6aa3a905]" started-at="2024-05-22T23:25:52 CDT" name="tearDown" finished-at="2024-05-22T23:25:53 CDT" duration-ms="861" status="PASS">
          <reporter-output>
          </reporter-output>
        </test-method> <!-- tearDown -->
      </class> <!-- Mydemo.SelinumFramewoek.ErrorValidations -->
    </test> <!-- ErrorTest -->
    <test started-at="2024-05-22T23:25:36 CDT" name="Test" finished-at="2024-05-22T23:26:06 CDT" duration-ms="29516">
      <class name="Mydemo.SelinumFramewoek.SubmitOrderTest">
        <test-method is-config="true" signature="launchApplication()[pri:0, instance:Mydemo.SelinumFramewoek.SubmitOrderTest@40db2a24]" started-at="2024-05-22T23:25:36 CDT" name="launchApplication" finished-at="2024-05-22T23:25:42 CDT" duration-ms="5837" status="PASS">
          <reporter-output>
          </reporter-output>
        </test-method> <!-- launchApplication -->
        <test-method signature="submitOrder(java.util.HashMap)[pri:0, instance:Mydemo.SelinumFramewoek.SubmitOrderTest@40db2a24]" started-at="2024-05-22T23:25:42 CDT" name="submitOrder" data-provider="getData" finished-at="2024-05-22T23:25:47 CDT" duration-ms="5019" status="PASS">
          <params>
            <param index="0">
              <value>
                <![CDATA[{password=Iamking@000, product=ZARA COAT 3, email=anshika@gmail.com}]]>
              </value>
            </param>
          </params>
          <reporter-output>
          </reporter-output>
        </test-method> <!-- submitOrder -->
        <test-method is-config="true" signature="tearDown()[pri:0, instance:Mydemo.SelinumFramewoek.SubmitOrderTest@40db2a24]" started-at="2024-05-22T23:25:47 CDT" name="tearDown" finished-at="2024-05-22T23:25:49 CDT" duration-ms="1315" status="PASS">
          <reporter-output>
          </reporter-output>
        </test-method> <!-- tearDown -->
        <test-method is-config="true" signature="launchApplication()[pri:0, instance:Mydemo.SelinumFramewoek.SubmitOrderTest@40db2a24]" started-at="2024-05-22T23:25:49 CDT" name="launchApplication" finished-at="2024-05-22T23:25:50 CDT" duration-ms="1847" status="PASS">
          <reporter-output>
          </reporter-output>
        </test-method> <!-- launchApplication -->
        <test-method signature="submitOrder(java.util.HashMap)[pri:0, instance:Mydemo.SelinumFramewoek.SubmitOrderTest@40db2a24]" started-at="2024-05-22T23:25:50 CDT" name="submitOrder" data-provider="getData" finished-at="2024-05-22T23:25:58 CDT" duration-ms="7096" status="PASS">
          <params>
            <param index="0">
              <value>
                <![CDATA[{password=Sudha1997@, product=ADIDAS ORIGINAL, email=postm1@gmail.com}]]>
              </value>
            </param>
          </params>
          <reporter-output>
          </reporter-output>
        </test-method> <!-- submitOrder -->
        <test-method is-config="true" signature="tearDown()[pri:0, instance:Mydemo.SelinumFramewoek.SubmitOrderTest@40db2a24]" started-at="2024-05-22T23:25:58 CDT" name="tearDown" finished-at="2024-05-22T23:25:58 CDT" duration-ms="922" status="PASS">
          <reporter-output>
          </reporter-output>
        </test-method> <!-- tearDown -->
        <test-method is-config="true" signature="launchApplication()[pri:0, instance:Mydemo.SelinumFramewoek.SubmitOrderTest@40db2a24]" started-at="2024-05-22T23:25:58 CDT" name="launchApplication" finished-at="2024-05-22T23:26:03 CDT" duration-ms="4748" status="PASS">
          <reporter-output>
          </reporter-output>
        </test-method> <!-- launchApplication -->
        <test-method signature="OrderHistoryTest()[pri:0, instance:Mydemo.SelinumFramewoek.SubmitOrderTest@40db2a24]" started-at="2024-05-22T23:26:03 CDT" name="OrderHistoryTest" finished-at="2024-05-22T23:26:04 CDT" depends-on-methods="Mydemo.SelinumFramewoek.SubmitOrderTest.submitOrder" duration-ms="1186" status="PASS">
          <reporter-output>
          </reporter-output>
        </test-method> <!-- OrderHistoryTest -->
        <test-method is-config="true" signature="tearDown()[pri:0, instance:Mydemo.SelinumFramewoek.SubmitOrderTest@40db2a24]" started-at="2024-05-22T23:26:04 CDT" name="tearDown" finished-at="2024-05-22T23:26:06 CDT" duration-ms="1216" status="PASS">
          <reporter-output>
          </reporter-output>
        </test-method> <!-- tearDown -->
      </class> <!-- Mydemo.SelinumFramewoek.SubmitOrderTest -->
    </test> <!-- Test -->
  </suite> <!-- Suite -->
</testng-results>
